# JRE version: OpenJDK Runtime Environment Temurin-21.0.7+6 (21.0.7+6) (build 21.0.7+6-LTS)
# Java VM: OpenJDK 64-Bit Server VM Temurin-21.0.7+6 (21.0.7+6-LTS, mixed mode, sharing, tiered, compressed oops, compressed class ptrs, parallel gc, windows-amd64)
GC Precious Log:
 CardTable entry size: 512
 CPUs: 4 total, 4 available
 Memory: 16280M
 Large Page Support: Disabled
 NUMA Support: Disabled
 Compressed Oops: Enabled (32-bit)
 Alignments: Space 512K, Generation 512K, Heap 2M
 Heap Min Capacity: 100M
 Heap Initial Capacity: 100M
 Heap Max Capacity: 1G
 Pre-touch: Disabled
 Parallel Workers: 4
Heap:
 PSYoungGen      total 20480K, used 13648K [0x00000000eab00000, 0x00000000ec400000, 0x0000000100000000)
  eden space 19456K, 65% used [0x00000000eab00000,0x00000000eb75c1c8,0x00000000ebe00000)
  from space 1024K, 96% used [0x00000000ebf00000,0x00000000ebff8168,0x00000000ec000000)
  to   space 3072K, 0% used [0x00000000ec100000,0x00000000ec100000,0x00000000ec400000)
 ParOldGen       total 68608K, used 44437K [0x00000000c0000000, 0x00000000c4300000, 0x00000000eab00000)
  object space 68608K, 64% used [0x00000000c0000000,0x00000000c2b65740,0x00000000c4300000)
 Metaspace       used 55159K, committed 56384K, reserved 1114112K
  class space    used 5750K, committed 6272K, reserved 1048576K
GC Heap History (20 events):
Event: 13.767 GC heap before
{Heap before GC invocations=24 (full 2):
 PSYoungGen      total 23552K, used 23251K [0x00000000eab00000, 0x00000000ec480000, 0x0000000100000000)
  eden space 20992K, 100% used [0x00000000eab00000,0x00000000ebf80000,0x00000000ebf80000)
  from space 2560K, 88% used [0x00000000ebf80000,0x00000000ec1b4e20,0x00000000ec200000)
  to   space 2560K, 0% used [0x00000000ec200000,0x00000000ec200000,0x00000000ec480000)
 ParOldGen       total 68608K, used 28242K [0x00000000c0000000, 0x00000000c4300000, 0x00000000eab00000)
  object space 68608K, 41% used [0x00000000c0000000,0x00000000c1b949b0,0x00000000c4300000)
 Metaspace       used 45748K, committed 46912K, reserved 1114112K
  class space    used 4840K, committed 5376K, reserved 1048576K
}
Event: 13.771 GC heap after
{Heap after GC invocations=24 (full 2):
 PSYoungGen      total 23040K, used 1924K [0x00000000eab00000, 0x00000000ec400000, 0x0000000100000000)
  eden space 20992K, 0% used [0x00000000eab00000,0x00000000eab00000,0x00000000ebf80000)
  from space 2048K, 93% used [0x00000000ec200000,0x00000000ec3e1000,0x00000000ec400000)
  to   space 2048K, 0% used [0x00000000ec000000,0x00000000ec000000,0x00000000ec200000)
 ParOldGen       total 68608K, used 30248K [0x00000000c0000000, 0x00000000c4300000, 0x00000000eab00000)
  object space 68608K, 44% used [0x00000000c0000000,0x00000000c1d8a370,0x00000000c4300000)
 Metaspace       used 45748K, committed 46912K, reserved 1114112K
  class space    used 4840K, committed 5376K, reserved 1048576K
}
Event: 14.002 GC heap before
{Heap before GC invocations=25 (full 2):
 PSYoungGen      total 23040K, used 22916K [0x00000000eab00000, 0x00000000ec400000, 0x0000000100000000)
  eden space 20992K, 100% used [0x00000000eab00000,0x00000000ebf80000,0x00000000ebf80000)
  from space 2048K, 93% used [0x00000000ec200000,0x00000000ec3e1000,0x00000000ec400000)
  to   space 2048K, 0% used [0x00000000ec000000,0x00000000ec000000,0x00000000ec200000)
 ParOldGen       total 68608K, used 30248K [0x00000000c0000000, 0x00000000c4300000, 0x00000000eab00000)
  object space 68608K, 44% used [0x00000000c0000000,0x00000000c1d8a370,0x00000000c4300000)
 Metaspace       used 45788K, committed 46976K, reserved 1114112K
  class space    used 4844K, committed 5376K, reserved 1048576K
}
Event: 14.007 GC heap after
{Heap after GC invocations=25 (full 2):
 PSYoungGen      total 23040K, used 2016K [0x00000000eab00000, 0x00000000ec880000, 0x0000000100000000)
  eden space 20992K, 0% used [0x00000000eab00000,0x00000000eab00000,0x00000000ebf80000)
  from space 2048K, 98% used [0x00000000ec000000,0x00000000ec1f8010,0x00000000ec200000)
  to   space 4608K, 0% used [0x00000000ec400000,0x00000000ec400000,0x00000000ec880000)
 ParOldGen       total 68608K, used 32070K [0x00000000c0000000, 0x00000000c4300000, 0x00000000eab00000)
  object space 68608K, 46% used [0x00000000c0000000,0x00000000c1f51998,0x00000000c4300000)
 Metaspace       used 45788K, committed 46976K, reserved 1114112K
  class space    used 4844K, committed 5376K, reserved 1048576K
}
Event: 14.774 GC heap before
{Heap before GC invocations=26 (full 2):
 PSYoungGen      total 23040K, used 23008K [0x00000000eab00000, 0x00000000ec880000, 0x0000000100000000)
  eden space 20992K, 100% used [0x00000000eab00000,0x00000000ebf80000,0x00000000ebf80000)
  from space 2048K, 98% used [0x00000000ec000000,0x00000000ec1f8010,0x00000000ec200000)
  to   space 4608K, 0% used [0x00000000ec400000,0x00000000ec400000,0x00000000ec880000)
 ParOldGen       total 68608K, used 32070K [0x00000000c0000000, 0x00000000c4300000, 0x00000000eab00000)
  object space 68608K, 46% used [0x00000000c0000000,0x00000000c1f51998,0x00000000c4300000)
 Metaspace       used 46023K, committed 47232K, reserved 1114112K
  class space    used 4870K, committed 5376K, reserved 1048576K
}
Event: 14.780 GC heap after
{Heap after GC invocations=26 (full 2):
 PSYoungGen      total 23040K, used 1656K [0x00000000eab00000, 0x00000000ec600000, 0x0000000100000000)
  eden space 20992K, 0% used [0x00000000eab00000,0x00000000eab00000,0x00000000ebf80000)
  from space 2048K, 80% used [0x00000000ec400000,0x00000000ec59e200,0x00000000ec600000)
  to   space 2560K, 0% used [0x00000000ec100000,0x00000000ec100000,0x00000000ec380000)
 ParOldGen       total 68608K, used 34070K [0x00000000c0000000, 0x00000000c4300000, 0x00000000eab00000)
  object space 68608K, 49% used [0x00000000c0000000,0x00000000c21459a8,0x00000000c4300000)
 Metaspace       used 46023K, committed 47232K, reserved 1114112K
  class space    used 4870K, committed 5376K, reserved 1048576K
}
Event: 15.062 GC heap before
{Heap before GC invocations=27 (full 2):
 PSYoungGen      total 23040K, used 22647K [0x00000000eab00000, 0x00000000ec600000, 0x0000000100000000)
  eden space 20992K, 99% used [0x00000000eab00000,0x00000000ebf7fbe0,0x00000000ebf80000)
  from space 2048K, 80% used [0x00000000ec400000,0x00000000ec59e200,0x00000000ec600000)
  to   space 2560K, 0% used [0x00000000ec100000,0x00000000ec100000,0x00000000ec380000)
 ParOldGen       total 68608K, used 34070K [0x00000000c0000000, 0x00000000c4300000, 0x00000000eab00000)
  object space 68608K, 49% used [0x00000000c0000000,0x00000000c21459a8,0x00000000c4300000)
 Metaspace       used 47267K, committed 48448K, reserved 1114112K
  class space    used 4990K, committed 5504K, reserved 1048576K
}
Event: 15.066 GC heap after
{Heap after GC invocations=27 (full 2):
 PSYoungGen      total 23552K, used 2342K [0x00000000eab00000, 0x00000000ec480000, 0x0000000100000000)
  eden space 20992K, 0% used [0x00000000eab00000,0x00000000eab00000,0x00000000ebf80000)
  from space 2560K, 91% used [0x00000000ec100000,0x00000000ec3499a0,0x00000000ec380000)
  to   space 1024K, 0% used [0x00000000ec380000,0x00000000ec380000,0x00000000ec480000)
 ParOldGen       total 68608K, used 35686K [0x00000000c0000000, 0x00000000c4300000, 0x00000000eab00000)
  object space 68608K, 52% used [0x00000000c0000000,0x00000000c22d9ba8,0x00000000c4300000)
 Metaspace       used 47267K, committed 48448K, reserved 1114112K
  class space    used 4990K, committed 5504K, reserved 1048576K
}
Event: 16.936 GC heap before
{Heap before GC invocations=28 (full 2):
 PSYoungGen      total 23552K, used 23334K [0x00000000eab00000, 0x00000000ec480000, 0x0000000100000000)
  eden space 20992K, 100% used [0x00000000eab00000,0x00000000ebf80000,0x00000000ebf80000)
  from space 2560K, 91% used [0x00000000ec100000,0x00000000ec3499a0,0x00000000ec380000)
  to   space 1024K, 0% used [0x00000000ec380000,0x00000000ec380000,0x00000000ec480000)
 ParOldGen       total 68608K, used 35686K [0x00000000c0000000, 0x00000000c4300000, 0x00000000eab00000)
  object space 68608K, 52% used [0x00000000c0000000,0x00000000c22d9ba8,0x00000000c4300000)
 Metaspace       used 49605K, committed 50752K, reserved 1114112K
  class space    used 5236K, committed 5760K, reserved 1048576K
}
Event: 16.939 GC heap after
{Heap after GC invocations=28 (full 2):
 PSYoungGen      total 21504K, used 996K [0x00000000eab00000, 0x00000000ec880000, 0x0000000100000000)
  eden space 20480K, 0% used [0x00000000eab00000,0x00000000eab00000,0x00000000ebf00000)
  from space 1024K, 97% used [0x00000000ec380000,0x00000000ec479138,0x00000000ec480000)
  to   space 4608K, 0% used [0x00000000ebf00000,0x00000000ebf00000,0x00000000ec380000)
 ParOldGen       total 68608K, used 38565K [0x00000000c0000000, 0x00000000c4300000, 0x00000000eab00000)
  object space 68608K, 56% used [0x00000000c0000000,0x00000000c25a9700,0x00000000c4300000)
 Metaspace       used 49605K, committed 50752K, reserved 1114112K
  class space    used 5236K, committed 5760K, reserved 1048576K
}
Event: 17.775 GC heap before
{Heap before GC invocations=29 (full 2):
 PSYoungGen      total 21504K, used 21476K [0x00000000eab00000, 0x00000000ec880000, 0x0000000100000000)
  eden space 20480K, 100% used [0x00000000eab00000,0x00000000ebf00000,0x00000000ebf00000)
  from space 1024K, 97% used [0x00000000ec380000,0x00000000ec479138,0x00000000ec480000)
  to   space 4608K, 0% used [0x00000000ebf00000,0x00000000ebf00000,0x00000000ec380000)
 ParOldGen       total 68608K, used 38565K [0x00000000c0000000, 0x00000000c4300000, 0x00000000eab00000)
  object space 68608K, 56% used [0x00000000c0000000,0x00000000c25a9700,0x00000000c4300000)
 Metaspace       used 50900K, committed 52096K, reserved 1114112K
  class space    used 5363K, committed 5888K, reserved 1048576K
}
Event: 17.776 GC heap after
{Heap after GC invocations=29 (full 2):
 PSYoungGen      total 21504K, used 539K [0x00000000eab00000, 0x00000000ec400000, 0x0000000100000000)
  eden space 20480K, 0% used [0x00000000eab00000,0x00000000eab00000,0x00000000ebf00000)
  from space 1024K, 52% used [0x00000000ebf00000,0x00000000ebf86c08,0x00000000ec000000)
  to   space 2048K, 0% used [0x00000000ec200000,0x00000000ec200000,0x00000000ec400000)
 ParOldGen       total 68608K, used 39527K [0x00000000c0000000, 0x00000000c4300000, 0x00000000eab00000)
  object space 68608K, 57% used [0x00000000c0000000,0x00000000c2699c20,0x00000000c4300000)
 Metaspace       used 50900K, committed 52096K, reserved 1114112K
  class space    used 5363K, committed 5888K, reserved 1048576K
}
Event: 18.273 GC heap before
{Heap before GC invocations=30 (full 2):
 PSYoungGen      total 21504K, used 21008K [0x00000000eab00000, 0x00000000ec400000, 0x0000000100000000)
  eden space 20480K, 99% used [0x00000000eab00000,0x00000000ebefd480,0x00000000ebf00000)
  from space 1024K, 52% used [0x00000000ebf00000,0x00000000ebf86c08,0x00000000ec000000)
  to   space 2048K, 0% used [0x00000000ec200000,0x00000000ec200000,0x00000000ec400000)
 ParOldGen       total 68608K, used 39527K [0x00000000c0000000, 0x00000000c4300000, 0x00000000eab00000)
  object space 68608K, 57% used [0x00000000c0000000,0x00000000c2699c20,0x00000000c4300000)
 Metaspace       used 52149K, committed 53376K, reserved 1114112K
  class space    used 5472K, committed 6016K, reserved 1048576K
}
Event: 18.275 GC heap after
{Heap after GC invocations=30 (full 2):
 PSYoungGen      total 21504K, used 2021K [0x00000000eab00000, 0x00000000ec700000, 0x0000000100000000)
  eden space 19456K, 0% used [0x00000000eab00000,0x00000000eab00000,0x00000000ebe00000)
  from space 2048K, 98% used [0x00000000ec200000,0x00000000ec3f9418,0x00000000ec400000)
  to   space 4096K, 0% used [0x00000000ebe00000,0x00000000ebe00000,0x00000000ec200000)
 ParOldGen       total 68608K, used 40624K [0x00000000c0000000, 0x00000000c4300000, 0x00000000eab00000)
  object space 68608K, 59% used [0x00000000c0000000,0x00000000c27ac300,0x00000000c4300000)
 Metaspace       used 52149K, committed 53376K, reserved 1114112K
  class space    used 5472K, committed 6016K, reserved 1048576K
}
Event: 18.394 GC heap before
{Heap before GC invocations=31 (full 2):
 PSYoungGen      total 21504K, used 21477K [0x00000000eab00000, 0x00000000ec700000, 0x0000000100000000)
  eden space 19456K, 100% used [0x00000000eab00000,0x00000000ebe00000,0x00000000ebe00000)
  from space 2048K, 98% used [0x00000000ec200000,0x00000000ec3f9418,0x00000000ec400000)
  to   space 4096K, 0% used [0x00000000ebe00000,0x00000000ebe00000,0x00000000ec200000)
 ParOldGen       total 68608K, used 40624K [0x00000000c0000000, 0x00000000c4300000, 0x00000000eab00000)
  object space 68608K, 59% used [0x00000000c0000000,0x00000000c27ac300,0x00000000c4300000)
 Metaspace       used 52237K, committed 53440K, reserved 1114112K
  class space    used 5473K, committed 6016K, reserved 1048576K
}
Event: 18.396 GC heap after
{Heap after GC invocations=31 (full 2):
 PSYoungGen      total 22016K, used 2157K [0x00000000eab00000, 0x00000000ec300000, 0x0000000100000000)
  eden space 19456K, 0% used [0x00000000eab00000,0x00000000eab00000,0x00000000ebe00000)
  from space 2560K, 84% used [0x00000000ebe00000,0x00000000ec01b780,0x00000000ec080000)
  to   space 2560K, 0% used [0x00000000ec080000,0x00000000ec080000,0x00000000ec300000)
 ParOldGen       total 68608K, used 41762K [0x00000000c0000000, 0x00000000c4300000, 0x00000000eab00000)
  object space 68608K, 60% used [0x00000000c0000000,0x00000000c28c8b90,0x00000000c4300000)
 Metaspace       used 52237K, committed 53440K, reserved 1114112K
  class space    used 5473K, committed 6016K, reserved 1048576K
}
Event: 18.451 GC heap before
{Heap before GC invocations=32 (full 2):
 PSYoungGen      total 22016K, used 21613K [0x00000000eab00000, 0x00000000ec300000, 0x0000000100000000)
  eden space 19456K, 100% used [0x00000000eab00000,0x00000000ebe00000,0x00000000ebe00000)
  from space 2560K, 84% used [0x00000000ebe00000,0x00000000ec01b780,0x00000000ec080000)
  to   space 2560K, 0% used [0x00000000ec080000,0x00000000ec080000,0x00000000ec300000)
 ParOldGen       total 68608K, used 41762K [0x00000000c0000000, 0x00000000c4300000, 0x00000000eab00000)
  object space 68608K, 60% used [0x00000000c0000000,0x00000000c28c8b90,0x00000000c4300000)
 Metaspace       used 52582K, committed 53760K, reserved 1114112K
  class space    used 5497K, committed 6016K, reserved 1048576K
}
Event: 18.452 GC heap after
{Heap after GC invocations=32 (full 2):
 PSYoungGen      total 19968K, used 160K [0x00000000eab00000, 0x00000000ec100000, 0x0000000100000000)
  eden space 19456K, 0% used [0x00000000eab00000,0x00000000eab00000,0x00000000ebe00000)
  from space 512K, 31% used [0x00000000ec080000,0x00000000ec0a8000,0x00000000ec100000)
  to   space 1024K, 0% used [0x00000000ebf00000,0x00000000ebf00000,0x00000000ec000000)
 ParOldGen       total 68608K, used 42917K [0x00000000c0000000, 0x00000000c4300000, 0x00000000eab00000)
  object space 68608K, 62% used [0x00000000c0000000,0x00000000c29e97a8,0x00000000c4300000)
 Metaspace       used 52582K, committed 53760K, reserved 1114112K
  class space    used 5497K, committed 6016K, reserved 1048576K
}
Event: 19.651 GC heap before
{Heap before GC invocations=33 (full 2):
 PSYoungGen      total 19968K, used 19616K [0x00000000eab00000, 0x00000000ec100000, 0x0000000100000000)
  eden space 19456K, 100% used [0x00000000eab00000,0x00000000ebe00000,0x00000000ebe00000)
  from space 512K, 31% used [0x00000000ec080000,0x00000000ec0a8000,0x00000000ec100000)
  to   space 1024K, 0% used [0x00000000ebf00000,0x00000000ebf00000,0x00000000ec000000)
 ParOldGen       total 68608K, used 42917K [0x00000000c0000000, 0x00000000c4300000, 0x00000000eab00000)
  object space 68608K, 62% used [0x00000000c0000000,0x00000000c29e97a8,0x00000000c4300000)
 Metaspace       used 54651K, committed 55872K, reserved 1114112K
  class space    used 5718K, committed 6272K, reserved 1048576K
}
Event: 19.654 GC heap after
{Heap after GC invocations=33 (full 2):
 PSYoungGen      total 20480K, used 992K [0x00000000eab00000, 0x00000000ec400000, 0x0000000100000000)
  eden space 19456K, 0% used [0x00000000eab00000,0x00000000eab00000,0x00000000ebe00000)
  from space 1024K, 96% used [0x00000000ebf00000,0x00000000ebff8168,0x00000000ec000000)
  to   space 3072K, 0% used [0x00000000ec100000,0x00000000ec100000,0x00000000ec400000)
 ParOldGen       total 68608K, used 44437K [0x00000000c0000000, 0x00000000c4300000, 0x00000000eab00000)
  object space 68608K, 64% used [0x00000000c0000000,0x00000000c2b65740,0x00000000c4300000)
 Metaspace       used 54651K, committed 55872K, reserved 1114112K
  class space    used 5718K, committed 6272K, reserved 1048576K
}

